<?xml version="1.0" encoding="UTF-8"?>
<!-- Generated by org.testng.reporters.JUnitXMLReporter -->
<testsuite ignored="0" hostname="DESKTOP-U3SLV3D" failures="0" tests="3" name="Default test" time="6.247" errors="0" timestamp="2022-04-29T03:37:38 EET">
  <testcase classname="Tests.TestCases" name="FirstTestCase" time="5.223"/>
  <testcase classname="Tests.TestCases" name="SecondTestCase" time="0.386"/>
  <testcase classname="Tests.TestCases" name="ThirdTestCase" time="0.556"/>
</testsuite> <!-- Default test -->
